<!DOCTYPE html PUBLIC "-//W3C//DTD XHTML 1.1//EN" "http://www.w3.org/TR/xhtml11/DTD/xhtml11.dtd">
<html xmlns="http://www.w3.org/1999/xhtml"><head><title>TestNG Report</title><style type="text/css">table {margin-bottom:10px;border-collapse:collapse;empty-cells:show}th,td {border:1px solid #009;padding:.25em .5em}th {vertical-align:bottom}td {vertical-align:top}table a {font-weight:bold}.stripe td {background-color: #E6EBF9}.num {text-align:right}.passedodd td {background-color: #3F3}.passedeven td {background-color: #0A0}.skippedodd td {background-color: #DDD}.skippedeven td {background-color: #CCC}.failedodd td,.attn {background-color: #F33}.failedeven td,.stripe .attn {background-color: #D00}.stacktrace {white-space:pre;font-family:monospace}.totop {font-size:85%;text-align:center;border-bottom:2px solid #000}</style></head><body><table><tr><th>Test</th><th># Passed</th><th># Skipped</th><th># Failed</th><th>Time (ms)</th><th>Included Groups</th><th>Excluded Groups</th></tr><tr><th colspan="7">Default suite</th></tr><tr><td><a href="#t0">Default test</a></td><td class="num">17</td><td class="num">0</td><td class="num attn">5</td><td class="num">124</td><td></td><td></td></tr></table><table><thead><tr><th>Class</th><th>Method</th><th>Start</th><th>Time (ms)</th></tr></thead><tbody><tr><th colspan="4">Default suite</th></tr></tbody><tbody id="t0"><tr><th colspan="4">Default test &#8212; failed</th></tr><tr class="failedeven"><td rowspan="5">es.upo.cal.Tester_ListImplementation</td><td><a href="#m0">addAll</a></td><td rowspan="1">1475933836413</td><td rowspan="1">2</td></tr><tr class="failedeven"><td><a href="#m1">addAll2</a></td><td rowspan="1">1475933836421</td><td rowspan="1">2</td></tr><tr class="failedeven"><td><a href="#m2">listIterator2</a></td><td rowspan="1">1475933836465</td><td rowspan="1">2</td></tr><tr class="failedeven"><td><a href="#m3">remove2</a></td><td rowspan="1">1475933836474</td><td rowspan="1">1</td></tr><tr class="failedeven"><td><a href="#m4">toArray</a></td><td rowspan="1">1475933836488</td><td rowspan="1">1</td></tr><tr><th colspan="4">Default test &#8212; passed</th></tr><tr class="passedeven"><td rowspan="17">es.upo.cal.Tester_ListImplementation</td><td><a href="#m5">add</a></td><td rowspan="1">1475933836400</td><td rowspan="1">6</td></tr><tr class="passedeven"><td><a href="#m6">add2_get</a></td><td rowspan="1">1475933836409</td><td rowspan="1">2</td></tr><tr class="passedeven"><td><a href="#m7">add_contains</a></td><td rowspan="1">1475933836426</td><td rowspan="1">1</td></tr><tr class="passedeven"><td><a href="#m8">add_get</a></td><td rowspan="1">1475933836429</td><td rowspan="1">2</td></tr><tr class="passedeven"><td><a href="#m9">add_size</a></td><td rowspan="1">1475933836434</td><td rowspan="1">2</td></tr><tr class="passedeven"><td><a href="#m10">clear_isEmpty</a></td><td rowspan="1">1475933836439</td><td rowspan="1">1</td></tr><tr class="passedeven"><td><a href="#m11">containsAll</a></td><td rowspan="1">1475933836444</td><td rowspan="1">2</td></tr><tr class="passedeven"><td><a href="#m12">indexOf</a></td><td rowspan="1">1475933836447</td><td rowspan="1">2</td></tr><tr class="passedeven"><td><a href="#m13">iterator2</a></td><td rowspan="1">1475933836451</td><td rowspan="1">1</td></tr><tr class="passedeven"><td><a href="#m14">lastIndexOf</a></td><td rowspan="1">1475933836453</td><td rowspan="1">2</td></tr><tr class="passedeven"><td><a href="#m15">listIterator</a></td><td rowspan="1">1475933836458</td><td rowspan="1">2</td></tr><tr class="passedeven"><td><a href="#m16">remove</a></td><td rowspan="1">1475933836469</td><td rowspan="1">2</td></tr><tr class="passedeven"><td><a href="#m17">removeAll</a></td><td rowspan="1">1475933836477</td><td rowspan="1">1</td></tr><tr class="passedeven"><td><a href="#m18">retainAll</a></td><td rowspan="1">1475933836480</td><td rowspan="1">1</td></tr><tr class="passedeven"><td><a href="#m19">set</a></td><td rowspan="1">1475933836482</td><td rowspan="1">1</td></tr><tr class="passedeven"><td><a href="#m20">subList</a></td><td rowspan="1">1475933836485</td><td rowspan="1">1</td></tr><tr class="passedeven"><td><a href="#m21">toArray2</a></td><td rowspan="1">1475933836491</td><td rowspan="1">3</td></tr></tbody></table><h2>Default test</h2><h3 id="m0">es.upo.cal.Tester_ListImplementation#addAll</h3><table class="result"><tr><th>Exception</th></tr><tr><td><div class="stacktrace">java.lang.AssertionError: 
	at org.testng.AssertJUnit.fail(AssertJUnit.java:59)
	at org.testng.AssertJUnit.assertTrue(AssertJUnit.java:24)
	at org.testng.AssertJUnit.assertTrue(AssertJUnit.java:33)
	at es.upo.cal.Tester_ListImplementation.addAll(Tester_ListImplementation.java:84)
	at sun.reflect.NativeMethodAccessorImpl.invoke0(Native Method)
	at sun.reflect.NativeMethodAccessorImpl.invoke(NativeMethodAccessorImpl.java:62)
	at sun.reflect.DelegatingMethodAccessorImpl.invoke(DelegatingMethodAccessorImpl.java:43)
	at java.lang.reflect.Method.invoke(Method.java:498)
	at org.testng.internal.MethodInvocationHelper.invokeMethod(MethodInvocationHelper.java:100)
	at org.testng.internal.Invoker.invokeMethod(Invoker.java:646)
	at org.testng.internal.Invoker.invokeTestMethod(Invoker.java:811)
	at org.testng.internal.Invoker.invokeTestMethods(Invoker.java:1137)
	at org.testng.internal.TestMethodWorker.invokeTestMethods(TestMethodWorker.java:129)
	at org.testng.internal.TestMethodWorker.run(TestMethodWorker.java:112)
	at org.testng.TestRunner.privateRun(TestRunner.java:753)
	at org.testng.TestRunner.run(TestRunner.java:607)
	at org.testng.SuiteRunner.runTest(SuiteRunner.java:368)
	at org.testng.SuiteRunner.runSequentially(SuiteRunner.java:363)
	at org.testng.SuiteRunner.privateRun(SuiteRunner.java:321)
	at org.testng.SuiteRunner.run(SuiteRunner.java:270)
	at org.testng.SuiteRunnerWorker.runSuite(SuiteRunnerWorker.java:52)
	at org.testng.SuiteRunnerWorker.run(SuiteRunnerWorker.java:86)
	at org.testng.TestNG.runSuitesSequentially(TestNG.java:1284)
	at org.testng.TestNG.runSuitesLocally(TestNG.java:1209)
	at org.testng.TestNG.runSuites(TestNG.java:1124)
	at org.testng.TestNG.run(TestNG.java:1096)
	at org.testng.remote.AbstractRemoteTestNG.run(AbstractRemoteTestNG.java:132)
	at org.testng.remote.RemoteTestNG.initAndRun(RemoteTestNG.java:236)
	at org.testng.remote.RemoteTestNG.main(RemoteTestNG.java:81)
</div></td></tr></table><p class="totop"><a href="#summary">back to summary</a></p><h3 id="m1">es.upo.cal.Tester_ListImplementation#addAll2</h3><table class="result"><tr><th>Exception</th></tr><tr><td><div class="stacktrace">java.lang.AssertionError: 
	at org.testng.AssertJUnit.fail(AssertJUnit.java:59)
	at org.testng.AssertJUnit.assertTrue(AssertJUnit.java:24)
	at org.testng.AssertJUnit.assertTrue(AssertJUnit.java:33)
	at es.upo.cal.Tester_ListImplementation.addAll2(Tester_ListImplementation.java:102)
	at sun.reflect.NativeMethodAccessorImpl.invoke0(Native Method)
	at sun.reflect.NativeMethodAccessorImpl.invoke(NativeMethodAccessorImpl.java:62)
	at sun.reflect.DelegatingMethodAccessorImpl.invoke(DelegatingMethodAccessorImpl.java:43)
	at java.lang.reflect.Method.invoke(Method.java:498)
	at org.testng.internal.MethodInvocationHelper.invokeMethod(MethodInvocationHelper.java:100)
	at org.testng.internal.Invoker.invokeMethod(Invoker.java:646)
	at org.testng.internal.Invoker.invokeTestMethod(Invoker.java:811)
	at org.testng.internal.Invoker.invokeTestMethods(Invoker.java:1137)
	at org.testng.internal.TestMethodWorker.invokeTestMethods(TestMethodWorker.java:129)
	at org.testng.internal.TestMethodWorker.run(TestMethodWorker.java:112)
	at org.testng.TestRunner.privateRun(TestRunner.java:753)
	at org.testng.TestRunner.run(TestRunner.java:607)
	at org.testng.SuiteRunner.runTest(SuiteRunner.java:368)
	at org.testng.SuiteRunner.runSequentially(SuiteRunner.java:363)
	at org.testng.SuiteRunner.privateRun(SuiteRunner.java:321)
	at org.testng.SuiteRunner.run(SuiteRunner.java:270)
	at org.testng.SuiteRunnerWorker.runSuite(SuiteRunnerWorker.java:52)
	at org.testng.SuiteRunnerWorker.run(SuiteRunnerWorker.java:86)
	at org.testng.TestNG.runSuitesSequentially(TestNG.java:1284)
	at org.testng.TestNG.runSuitesLocally(TestNG.java:1209)
	at org.testng.TestNG.runSuites(TestNG.java:1124)
	at org.testng.TestNG.run(TestNG.java:1096)
	at org.testng.remote.AbstractRemoteTestNG.run(AbstractRemoteTestNG.java:132)
	at org.testng.remote.RemoteTestNG.initAndRun(RemoteTestNG.java:236)
	at org.testng.remote.RemoteTestNG.main(RemoteTestNG.java:81)
</div></td></tr></table><p class="totop"><a href="#summary">back to summary</a></p><h3 id="m2">es.upo.cal.Tester_ListImplementation#listIterator2</h3><table class="result"><tr><th>Exception</th></tr><tr><td><div class="stacktrace">java.lang.AssertionError: expected:&lt;6&gt; but was:&lt;3&gt;
	at org.testng.AssertJUnit.fail(AssertJUnit.java:59)
	at org.testng.AssertJUnit.failNotEquals(AssertJUnit.java:364)
	at org.testng.AssertJUnit.assertEquals(AssertJUnit.java:80)
	at org.testng.AssertJUnit.assertEquals(AssertJUnit.java:88)
	at es.upo.cal.Tester_ListImplementation.listIterator2(Tester_ListImplementation.java:183)
	at sun.reflect.NativeMethodAccessorImpl.invoke0(Native Method)
	at sun.reflect.NativeMethodAccessorImpl.invoke(NativeMethodAccessorImpl.java:62)
	at sun.reflect.DelegatingMethodAccessorImpl.invoke(DelegatingMethodAccessorImpl.java:43)
	at java.lang.reflect.Method.invoke(Method.java:498)
	at org.testng.internal.MethodInvocationHelper.invokeMethod(MethodInvocationHelper.java:100)
	at org.testng.internal.Invoker.invokeMethod(Invoker.java:646)
	at org.testng.internal.Invoker.invokeTestMethod(Invoker.java:811)
	at org.testng.internal.Invoker.invokeTestMethods(Invoker.java:1137)
	at org.testng.internal.TestMethodWorker.invokeTestMethods(TestMethodWorker.java:129)
	at org.testng.internal.TestMethodWorker.run(TestMethodWorker.java:112)
	at org.testng.TestRunner.privateRun(TestRunner.java:753)
	at org.testng.TestRunner.run(TestRunner.java:607)
	at org.testng.SuiteRunner.runTest(SuiteRunner.java:368)
	at org.testng.SuiteRunner.runSequentially(SuiteRunner.java:363)
	at org.testng.SuiteRunner.privateRun(SuiteRunner.java:321)
	at org.testng.SuiteRunner.run(SuiteRunner.java:270)
	at org.testng.SuiteRunnerWorker.runSuite(SuiteRunnerWorker.java:52)
	at org.testng.SuiteRunnerWorker.run(SuiteRunnerWorker.java:86)
	at org.testng.TestNG.runSuitesSequentially(TestNG.java:1284)
	at org.testng.TestNG.runSuitesLocally(TestNG.java:1209)
	at org.testng.TestNG.runSuites(TestNG.java:1124)
	at org.testng.TestNG.run(TestNG.java:1096)
	at org.testng.remote.AbstractRemoteTestNG.run(AbstractRemoteTestNG.java:132)
	at org.testng.remote.RemoteTestNG.initAndRun(RemoteTestNG.java:236)
	at org.testng.remote.RemoteTestNG.main(RemoteTestNG.java:81)
</div></td></tr></table><p class="totop"><a href="#summary">back to summary</a></p><h3 id="m3">es.upo.cal.Tester_ListImplementation#remove2</h3><table class="result"><tr><th>Exception</th></tr><tr><td><div class="stacktrace">java.lang.AssertionError: 
	at org.testng.AssertJUnit.fail(AssertJUnit.java:59)
	at org.testng.AssertJUnit.assertTrue(AssertJUnit.java:24)
	at org.testng.AssertJUnit.assertTrue(AssertJUnit.java:33)
	at es.upo.cal.Tester_ListImplementation.remove2(Tester_ListImplementation.java:200)
	at sun.reflect.NativeMethodAccessorImpl.invoke0(Native Method)
	at sun.reflect.NativeMethodAccessorImpl.invoke(NativeMethodAccessorImpl.java:62)
	at sun.reflect.DelegatingMethodAccessorImpl.invoke(DelegatingMethodAccessorImpl.java:43)
	at java.lang.reflect.Method.invoke(Method.java:498)
	at org.testng.internal.MethodInvocationHelper.invokeMethod(MethodInvocationHelper.java:100)
	at org.testng.internal.Invoker.invokeMethod(Invoker.java:646)
	at org.testng.internal.Invoker.invokeTestMethod(Invoker.java:811)
	at org.testng.internal.Invoker.invokeTestMethods(Invoker.java:1137)
	at org.testng.internal.TestMethodWorker.invokeTestMethods(TestMethodWorker.java:129)
	at org.testng.internal.TestMethodWorker.run(TestMethodWorker.java:112)
	at org.testng.TestRunner.privateRun(TestRunner.java:753)
	at org.testng.TestRunner.run(TestRunner.java:607)
	at org.testng.SuiteRunner.runTest(SuiteRunner.java:368)
	at org.testng.SuiteRunner.runSequentially(SuiteRunner.java:363)
	at org.testng.SuiteRunner.privateRun(SuiteRunner.java:321)
	at org.testng.SuiteRunner.run(SuiteRunner.java:270)
	at org.testng.SuiteRunnerWorker.runSuite(SuiteRunnerWorker.java:52)
	at org.testng.SuiteRunnerWorker.run(SuiteRunnerWorker.java:86)
	at org.testng.TestNG.runSuitesSequentially(TestNG.java:1284)
	at org.testng.TestNG.runSuitesLocally(TestNG.java:1209)
	at org.testng.TestNG.runSuites(TestNG.java:1124)
	at org.testng.TestNG.run(TestNG.java:1096)
	at org.testng.remote.AbstractRemoteTestNG.run(AbstractRemoteTestNG.java:132)
	at org.testng.remote.RemoteTestNG.initAndRun(RemoteTestNG.java:236)
	at org.testng.remote.RemoteTestNG.main(RemoteTestNG.java:81)
</div></td></tr></table><p class="totop"><a href="#summary">back to summary</a></p><h3 id="m4">es.upo.cal.Tester_ListImplementation#toArray</h3><table class="result"><tr><th>Exception</th></tr><tr><td><div class="stacktrace">java.lang.AssertionError: 
	at org.testng.AssertJUnit.fail(AssertJUnit.java:59)
	at org.testng.AssertJUnit.assertTrue(AssertJUnit.java:24)
	at org.testng.AssertJUnit.assertTrue(AssertJUnit.java:33)
	at es.upo.cal.Tester_ListImplementation.toArray(Tester_ListImplementation.java:249)
	at sun.reflect.NativeMethodAccessorImpl.invoke0(Native Method)
	at sun.reflect.NativeMethodAccessorImpl.invoke(NativeMethodAccessorImpl.java:62)
	at sun.reflect.DelegatingMethodAccessorImpl.invoke(DelegatingMethodAccessorImpl.java:43)
	at java.lang.reflect.Method.invoke(Method.java:498)
	at org.testng.internal.MethodInvocationHelper.invokeMethod(MethodInvocationHelper.java:100)
	at org.testng.internal.Invoker.invokeMethod(Invoker.java:646)
	at org.testng.internal.Invoker.invokeTestMethod(Invoker.java:811)
	at org.testng.internal.Invoker.invokeTestMethods(Invoker.java:1137)
	at org.testng.internal.TestMethodWorker.invokeTestMethods(TestMethodWorker.java:129)
	at org.testng.internal.TestMethodWorker.run(TestMethodWorker.java:112)
	at org.testng.TestRunner.privateRun(TestRunner.java:753)
	at org.testng.TestRunner.run(TestRunner.java:607)
	at org.testng.SuiteRunner.runTest(SuiteRunner.java:368)
	at org.testng.SuiteRunner.runSequentially(SuiteRunner.java:363)
	at org.testng.SuiteRunner.privateRun(SuiteRunner.java:321)
	at org.testng.SuiteRunner.run(SuiteRunner.java:270)
	at org.testng.SuiteRunnerWorker.runSuite(SuiteRunnerWorker.java:52)
	at org.testng.SuiteRunnerWorker.run(SuiteRunnerWorker.java:86)
	at org.testng.TestNG.runSuitesSequentially(TestNG.java:1284)
	at org.testng.TestNG.runSuitesLocally(TestNG.java:1209)
	at org.testng.TestNG.runSuites(TestNG.java:1124)
	at org.testng.TestNG.run(TestNG.java:1096)
	at org.testng.remote.AbstractRemoteTestNG.run(AbstractRemoteTestNG.java:132)
	at org.testng.remote.RemoteTestNG.initAndRun(RemoteTestNG.java:236)
	at org.testng.remote.RemoteTestNG.main(RemoteTestNG.java:81)
</div></td></tr></table><p class="totop"><a href="#summary">back to summary</a></p><h3 id="m5">es.upo.cal.Tester_ListImplementation#add</h3><table class="result"></table><p class="totop"><a href="#summary">back to summary</a></p><h3 id="m6">es.upo.cal.Tester_ListImplementation#add2_get</h3><table class="result"></table><p class="totop"><a href="#summary">back to summary</a></p><h3 id="m7">es.upo.cal.Tester_ListImplementation#add_contains</h3><table class="result"></table><p class="totop"><a href="#summary">back to summary</a></p><h3 id="m8">es.upo.cal.Tester_ListImplementation#add_get</h3><table class="result"></table><p class="totop"><a href="#summary">back to summary</a></p><h3 id="m9">es.upo.cal.Tester_ListImplementation#add_size</h3><table class="result"></table><p class="totop"><a href="#summary">back to summary</a></p><h3 id="m10">es.upo.cal.Tester_ListImplementation#clear_isEmpty</h3><table class="result"></table><p class="totop"><a href="#summary">back to summary</a></p><h3 id="m11">es.upo.cal.Tester_ListImplementation#containsAll</h3><table class="result"></table><p class="totop"><a href="#summary">back to summary</a></p><h3 id="m12">es.upo.cal.Tester_ListImplementation#indexOf</h3><table class="result"></table><p class="totop"><a href="#summary">back to summary</a></p><h3 id="m13">es.upo.cal.Tester_ListImplementation#iterator2</h3><table class="result"></table><p class="totop"><a href="#summary">back to summary</a></p><h3 id="m14">es.upo.cal.Tester_ListImplementation#lastIndexOf</h3><table class="result"></table><p class="totop"><a href="#summary">back to summary</a></p><h3 id="m15">es.upo.cal.Tester_ListImplementation#listIterator</h3><table class="result"></table><p class="totop"><a href="#summary">back to summary</a></p><h3 id="m16">es.upo.cal.Tester_ListImplementation#remove</h3><table class="result"></table><p class="totop"><a href="#summary">back to summary</a></p><h3 id="m17">es.upo.cal.Tester_ListImplementation#removeAll</h3><table class="result"></table><p class="totop"><a href="#summary">back to summary</a></p><h3 id="m18">es.upo.cal.Tester_ListImplementation#retainAll</h3><table class="result"></table><p class="totop"><a href="#summary">back to summary</a></p><h3 id="m19">es.upo.cal.Tester_ListImplementation#set</h3><table class="result"></table><p class="totop"><a href="#summary">back to summary</a></p><h3 id="m20">es.upo.cal.Tester_ListImplementation#subList</h3><table class="result"></table><p class="totop"><a href="#summary">back to summary</a></p><h3 id="m21">es.upo.cal.Tester_ListImplementation#toArray2</h3><table class="result"></table><p class="totop"><a href="#summary">back to summary</a></p></body></html>