<?xml version="1.0" encoding="UTF-8"?>
<testng-results skipped="0" failed="5" total="22" passed="17">
  <reporter-output>
  </reporter-output>
  <suite name="Default suite" duration-ms="124" started-at="2016-10-08T13:37:16Z" finished-at="2016-10-08T13:37:16Z">
    <groups>
    </groups>
    <test name="Default test" duration-ms="124" started-at="2016-10-08T13:37:16Z" finished-at="2016-10-08T13:37:16Z">
      <class name="es.upo.cal.Tester_ListImplementation">
        <test-method status="PASS" signature="constructor()[pri:0, instance:es.upo.cal.Tester_ListImplementation@7f9a81e8]" name="constructor" is-config="true" duration-ms="8" started-at="2016-10-08T15:37:16Z" finished-at="2016-10-08T15:37:16Z">
          <reporter-output>
          </reporter-output>
        </test-method> <!-- constructor -->
        <test-method status="PASS" signature="beforeMethod()[pri:0, instance:es.upo.cal.Tester_ListImplementation@7f9a81e8]" name="beforeMethod" is-config="true" duration-ms="0" started-at="2016-10-08T15:37:16Z" finished-at="2016-10-08T15:37:16Z">
          <reporter-output>
          </reporter-output>
        </test-method> <!-- beforeMethod -->
        <test-method status="PASS" signature="add()[pri:0, instance:es.upo.cal.Tester_ListImplementation@7f9a81e8]" name="add" duration-ms="6" started-at="2016-10-08T15:37:16Z" finished-at="2016-10-08T15:37:16Z">
          <reporter-output>
          </reporter-output>
        </test-method> <!-- add -->
        <test-method status="PASS" signature="add2_get()[pri:0, instance:es.upo.cal.Tester_ListImplementation@7f9a81e8]" name="add2_get" duration-ms="2" started-at="2016-10-08T15:37:16Z" finished-at="2016-10-08T15:37:16Z">
          <reporter-output>
          </reporter-output>
        </test-method> <!-- add2_get -->
        <test-method status="PASS" signature="beforeMethod()[pri:0, instance:es.upo.cal.Tester_ListImplementation@7f9a81e8]" name="beforeMethod" is-config="true" duration-ms="0" started-at="2016-10-08T15:37:16Z" finished-at="2016-10-08T15:37:16Z">
          <reporter-output>
          </reporter-output>
        </test-method> <!-- beforeMethod -->
        <test-method status="FAIL" signature="addAll()[pri:0, instance:es.upo.cal.Tester_ListImplementation@7f9a81e8]" name="addAll" duration-ms="2" started-at="2016-10-08T15:37:16Z" finished-at="2016-10-08T15:37:16Z">
          <exception class="java.lang.AssertionError">
            <full-stacktrace>
              <![CDATA[java.lang.AssertionError: 
	at org.testng.AssertJUnit.fail(AssertJUnit.java:59)
	at org.testng.AssertJUnit.assertTrue(AssertJUnit.java:24)
	at org.testng.AssertJUnit.assertTrue(AssertJUnit.java:33)
	at es.upo.cal.Tester_ListImplementation.addAll(Tester_ListImplementation.java:84)
	at sun.reflect.NativeMethodAccessorImpl.invoke0(Native Method)
	at sun.reflect.NativeMethodAccessorImpl.invoke(NativeMethodAccessorImpl.java:62)
	at sun.reflect.DelegatingMethodAccessorImpl.invoke(DelegatingMethodAccessorImpl.java:43)
	at java.lang.reflect.Method.invoke(Method.java:498)
	at org.testng.internal.MethodInvocationHelper.invokeMethod(MethodInvocationHelper.java:100)
	at org.testng.internal.Invoker.invokeMethod(Invoker.java:646)
	at org.testng.internal.Invoker.invokeTestMethod(Invoker.java:811)
	at org.testng.internal.Invoker.invokeTestMethods(Invoker.java:1137)
	at org.testng.internal.TestMethodWorker.invokeTestMethods(TestMethodWorker.java:129)
	at org.testng.internal.TestMethodWorker.run(TestMethodWorker.java:112)
	at org.testng.TestRunner.privateRun(TestRunner.java:753)
	at org.testng.TestRunner.run(TestRunner.java:607)
	at org.testng.SuiteRunner.runTest(SuiteRunner.java:368)
	at org.testng.SuiteRunner.runSequentially(SuiteRunner.java:363)
	at org.testng.SuiteRunner.privateRun(SuiteRunner.java:321)
	at org.testng.SuiteRunner.run(SuiteRunner.java:270)
	at org.testng.SuiteRunnerWorker.runSuite(SuiteRunnerWorker.java:52)
	at org.testng.SuiteRunnerWorker.run(SuiteRunnerWorker.java:86)
	at org.testng.TestNG.runSuitesSequentially(TestNG.java:1284)
	at org.testng.TestNG.runSuitesLocally(TestNG.java:1209)
	at org.testng.TestNG.runSuites(TestNG.java:1124)
	at org.testng.TestNG.run(TestNG.java:1096)
	at org.testng.remote.AbstractRemoteTestNG.run(AbstractRemoteTestNG.java:132)
	at org.testng.remote.RemoteTestNG.initAndRun(RemoteTestNG.java:236)
	at org.testng.remote.RemoteTestNG.main(RemoteTestNG.java:81)
]]>
            </full-stacktrace>
          </exception> <!-- java.lang.AssertionError -->
          <reporter-output>
          </reporter-output>
        </test-method> <!-- addAll -->
        <test-method status="PASS" signature="beforeMethod()[pri:0, instance:es.upo.cal.Tester_ListImplementation@7f9a81e8]" name="beforeMethod" is-config="true" duration-ms="0" started-at="2016-10-08T15:37:16Z" finished-at="2016-10-08T15:37:16Z">
          <reporter-output>
          </reporter-output>
        </test-method> <!-- beforeMethod -->
        <test-method status="PASS" signature="beforeMethod()[pri:0, instance:es.upo.cal.Tester_ListImplementation@7f9a81e8]" name="beforeMethod" is-config="true" duration-ms="0" started-at="2016-10-08T15:37:16Z" finished-at="2016-10-08T15:37:16Z">
          <reporter-output>
          </reporter-output>
        </test-method> <!-- beforeMethod -->
        <test-method status="FAIL" signature="addAll2()[pri:0, instance:es.upo.cal.Tester_ListImplementation@7f9a81e8]" name="addAll2" duration-ms="2" started-at="2016-10-08T15:37:16Z" finished-at="2016-10-08T15:37:16Z">
          <exception class="java.lang.AssertionError">
            <full-stacktrace>
              <![CDATA[java.lang.AssertionError: 
	at org.testng.AssertJUnit.fail(AssertJUnit.java:59)
	at org.testng.AssertJUnit.assertTrue(AssertJUnit.java:24)
	at org.testng.AssertJUnit.assertTrue(AssertJUnit.java:33)
	at es.upo.cal.Tester_ListImplementation.addAll2(Tester_ListImplementation.java:102)
	at sun.reflect.NativeMethodAccessorImpl.invoke0(Native Method)
	at sun.reflect.NativeMethodAccessorImpl.invoke(NativeMethodAccessorImpl.java:62)
	at sun.reflect.DelegatingMethodAccessorImpl.invoke(DelegatingMethodAccessorImpl.java:43)
	at java.lang.reflect.Method.invoke(Method.java:498)
	at org.testng.internal.MethodInvocationHelper.invokeMethod(MethodInvocationHelper.java:100)
	at org.testng.internal.Invoker.invokeMethod(Invoker.java:646)
	at org.testng.internal.Invoker.invokeTestMethod(Invoker.java:811)
	at org.testng.internal.Invoker.invokeTestMethods(Invoker.java:1137)
	at org.testng.internal.TestMethodWorker.invokeTestMethods(TestMethodWorker.java:129)
	at org.testng.internal.TestMethodWorker.run(TestMethodWorker.java:112)
	at org.testng.TestRunner.privateRun(TestRunner.java:753)
	at org.testng.TestRunner.run(TestRunner.java:607)
	at org.testng.SuiteRunner.runTest(SuiteRunner.java:368)
	at org.testng.SuiteRunner.runSequentially(SuiteRunner.java:363)
	at org.testng.SuiteRunner.privateRun(SuiteRunner.java:321)
	at org.testng.SuiteRunner.run(SuiteRunner.java:270)
	at org.testng.SuiteRunnerWorker.runSuite(SuiteRunnerWorker.java:52)
	at org.testng.SuiteRunnerWorker.run(SuiteRunnerWorker.java:86)
	at org.testng.TestNG.runSuitesSequentially(TestNG.java:1284)
	at org.testng.TestNG.runSuitesLocally(TestNG.java:1209)
	at org.testng.TestNG.runSuites(TestNG.java:1124)
	at org.testng.TestNG.run(TestNG.java:1096)
	at org.testng.remote.AbstractRemoteTestNG.run(AbstractRemoteTestNG.java:132)
	at org.testng.remote.RemoteTestNG.initAndRun(RemoteTestNG.java:236)
	at org.testng.remote.RemoteTestNG.main(RemoteTestNG.java:81)
]]>
            </full-stacktrace>
          </exception> <!-- java.lang.AssertionError -->
          <reporter-output>
          </reporter-output>
        </test-method> <!-- addAll2 -->
        <test-method status="PASS" signature="beforeMethod()[pri:0, instance:es.upo.cal.Tester_ListImplementation@7f9a81e8]" name="beforeMethod" is-config="true" duration-ms="1" started-at="2016-10-08T15:37:16Z" finished-at="2016-10-08T15:37:16Z">
          <reporter-output>
          </reporter-output>
        </test-method> <!-- beforeMethod -->
        <test-method status="PASS" signature="add_contains()[pri:0, instance:es.upo.cal.Tester_ListImplementation@7f9a81e8]" name="add_contains" duration-ms="1" started-at="2016-10-08T15:37:16Z" finished-at="2016-10-08T15:37:16Z">
          <reporter-output>
          </reporter-output>
        </test-method> <!-- add_contains -->
        <test-method status="PASS" signature="add_get()[pri:0, instance:es.upo.cal.Tester_ListImplementation@7f9a81e8]" name="add_get" duration-ms="2" started-at="2016-10-08T15:37:16Z" finished-at="2016-10-08T15:37:16Z">
          <reporter-output>
          </reporter-output>
        </test-method> <!-- add_get -->
        <test-method status="PASS" signature="beforeMethod()[pri:0, instance:es.upo.cal.Tester_ListImplementation@7f9a81e8]" name="beforeMethod" is-config="true" duration-ms="0" started-at="2016-10-08T15:37:16Z" finished-at="2016-10-08T15:37:16Z">
          <reporter-output>
          </reporter-output>
        </test-method> <!-- beforeMethod -->
        <test-method status="PASS" signature="add_size()[pri:0, instance:es.upo.cal.Tester_ListImplementation@7f9a81e8]" name="add_size" duration-ms="2" started-at="2016-10-08T15:37:16Z" finished-at="2016-10-08T15:37:16Z">
          <reporter-output>
          </reporter-output>
        </test-method> <!-- add_size -->
        <test-method status="PASS" signature="beforeMethod()[pri:0, instance:es.upo.cal.Tester_ListImplementation@7f9a81e8]" name="beforeMethod" is-config="true" duration-ms="0" started-at="2016-10-08T15:37:16Z" finished-at="2016-10-08T15:37:16Z">
          <reporter-output>
          </reporter-output>
        </test-method> <!-- beforeMethod -->
        <test-method status="PASS" signature="clear_isEmpty()[pri:0, instance:es.upo.cal.Tester_ListImplementation@7f9a81e8]" name="clear_isEmpty" duration-ms="1" started-at="2016-10-08T15:37:16Z" finished-at="2016-10-08T15:37:16Z">
          <reporter-output>
          </reporter-output>
        </test-method> <!-- clear_isEmpty -->
        <test-method status="PASS" signature="beforeMethod()[pri:0, instance:es.upo.cal.Tester_ListImplementation@7f9a81e8]" name="beforeMethod" is-config="true" duration-ms="0" started-at="2016-10-08T15:37:16Z" finished-at="2016-10-08T15:37:16Z">
          <reporter-output>
          </reporter-output>
        </test-method> <!-- beforeMethod -->
        <test-method status="PASS" signature="beforeMethod()[pri:0, instance:es.upo.cal.Tester_ListImplementation@7f9a81e8]" name="beforeMethod" is-config="true" duration-ms="0" started-at="2016-10-08T15:37:16Z" finished-at="2016-10-08T15:37:16Z">
          <reporter-output>
          </reporter-output>
        </test-method> <!-- beforeMethod -->
        <test-method status="PASS" signature="containsAll()[pri:0, instance:es.upo.cal.Tester_ListImplementation@7f9a81e8]" name="containsAll" duration-ms="2" started-at="2016-10-08T15:37:16Z" finished-at="2016-10-08T15:37:16Z">
          <reporter-output>
          </reporter-output>
        </test-method> <!-- containsAll -->
        <test-method status="PASS" signature="beforeMethod()[pri:0, instance:es.upo.cal.Tester_ListImplementation@7f9a81e8]" name="beforeMethod" is-config="true" duration-ms="0" started-at="2016-10-08T15:37:16Z" finished-at="2016-10-08T15:37:16Z">
          <reporter-output>
          </reporter-output>
        </test-method> <!-- beforeMethod -->
        <test-method status="PASS" signature="indexOf()[pri:0, instance:es.upo.cal.Tester_ListImplementation@7f9a81e8]" name="indexOf" duration-ms="2" started-at="2016-10-08T15:37:16Z" finished-at="2016-10-08T15:37:16Z">
          <reporter-output>
          </reporter-output>
        </test-method> <!-- indexOf -->
        <test-method status="PASS" signature="beforeMethod()[pri:0, instance:es.upo.cal.Tester_ListImplementation@7f9a81e8]" name="beforeMethod" is-config="true" duration-ms="1" started-at="2016-10-08T15:37:16Z" finished-at="2016-10-08T15:37:16Z">
          <reporter-output>
          </reporter-output>
        </test-method> <!-- beforeMethod -->
        <test-method status="PASS" signature="iterator2()[pri:0, instance:es.upo.cal.Tester_ListImplementation@7f9a81e8]" name="iterator2" duration-ms="1" started-at="2016-10-08T15:37:16Z" finished-at="2016-10-08T15:37:16Z">
          <reporter-output>
          </reporter-output>
        </test-method> <!-- iterator2 -->
        <test-method status="PASS" signature="lastIndexOf()[pri:0, instance:es.upo.cal.Tester_ListImplementation@7f9a81e8]" name="lastIndexOf" duration-ms="2" started-at="2016-10-08T15:37:16Z" finished-at="2016-10-08T15:37:16Z">
          <reporter-output>
          </reporter-output>
        </test-method> <!-- lastIndexOf -->
        <test-method status="PASS" signature="beforeMethod()[pri:0, instance:es.upo.cal.Tester_ListImplementation@7f9a81e8]" name="beforeMethod" is-config="true" duration-ms="0" started-at="2016-10-08T15:37:16Z" finished-at="2016-10-08T15:37:16Z">
          <reporter-output>
          </reporter-output>
        </test-method> <!-- beforeMethod -->
        <test-method status="PASS" signature="listIterator()[pri:0, instance:es.upo.cal.Tester_ListImplementation@7f9a81e8]" name="listIterator" duration-ms="2" started-at="2016-10-08T15:37:16Z" finished-at="2016-10-08T15:37:16Z">
          <reporter-output>
          </reporter-output>
        </test-method> <!-- listIterator -->
        <test-method status="PASS" signature="beforeMethod()[pri:0, instance:es.upo.cal.Tester_ListImplementation@7f9a81e8]" name="beforeMethod" is-config="true" duration-ms="0" started-at="2016-10-08T15:37:16Z" finished-at="2016-10-08T15:37:16Z">
          <reporter-output>
          </reporter-output>
        </test-method> <!-- beforeMethod -->
        <test-method status="FAIL" signature="listIterator2()[pri:0, instance:es.upo.cal.Tester_ListImplementation@7f9a81e8]" name="listIterator2" duration-ms="2" started-at="2016-10-08T15:37:16Z" finished-at="2016-10-08T15:37:16Z">
          <exception class="java.lang.AssertionError">
            <message>
              <![CDATA[expected:<6> but was:<3>]]>
            </message>
            <full-stacktrace>
              <![CDATA[java.lang.AssertionError: expected:<6> but was:<3>
	at org.testng.AssertJUnit.fail(AssertJUnit.java:59)
	at org.testng.AssertJUnit.failNotEquals(AssertJUnit.java:364)
	at org.testng.AssertJUnit.assertEquals(AssertJUnit.java:80)
	at org.testng.AssertJUnit.assertEquals(AssertJUnit.java:88)
	at es.upo.cal.Tester_ListImplementation.listIterator2(Tester_ListImplementation.java:183)
	at sun.reflect.NativeMethodAccessorImpl.invoke0(Native Method)
	at sun.reflect.NativeMethodAccessorImpl.invoke(NativeMethodAccessorImpl.java:62)
	at sun.reflect.DelegatingMethodAccessorImpl.invoke(DelegatingMethodAccessorImpl.java:43)
	at java.lang.reflect.Method.invoke(Method.java:498)
	at org.testng.internal.MethodInvocationHelper.invokeMethod(MethodInvocationHelper.java:100)
	at org.testng.internal.Invoker.invokeMethod(Invoker.java:646)
	at org.testng.internal.Invoker.invokeTestMethod(Invoker.java:811)
	at org.testng.internal.Invoker.invokeTestMethods(Invoker.java:1137)
	at org.testng.internal.TestMethodWorker.invokeTestMethods(TestMethodWorker.java:129)
	at org.testng.internal.TestMethodWorker.run(TestMethodWorker.java:112)
	at org.testng.TestRunner.privateRun(TestRunner.java:753)
	at org.testng.TestRunner.run(TestRunner.java:607)
	at org.testng.SuiteRunner.runTest(SuiteRunner.java:368)
	at org.testng.SuiteRunner.runSequentially(SuiteRunner.java:363)
	at org.testng.SuiteRunner.privateRun(SuiteRunner.java:321)
	at org.testng.SuiteRunner.run(SuiteRunner.java:270)
	at org.testng.SuiteRunnerWorker.runSuite(SuiteRunnerWorker.java:52)
	at org.testng.SuiteRunnerWorker.run(SuiteRunnerWorker.java:86)
	at org.testng.TestNG.runSuitesSequentially(TestNG.java:1284)
	at org.testng.TestNG.runSuitesLocally(TestNG.java:1209)
	at org.testng.TestNG.runSuites(TestNG.java:1124)
	at org.testng.TestNG.run(TestNG.java:1096)
	at org.testng.remote.AbstractRemoteTestNG.run(AbstractRemoteTestNG.java:132)
	at org.testng.remote.RemoteTestNG.initAndRun(RemoteTestNG.java:236)
	at org.testng.remote.RemoteTestNG.main(RemoteTestNG.java:81)
]]>
            </full-stacktrace>
          </exception> <!-- java.lang.AssertionError -->
          <reporter-output>
          </reporter-output>
        </test-method> <!-- listIterator2 -->
        <test-method status="PASS" signature="beforeMethod()[pri:0, instance:es.upo.cal.Tester_ListImplementation@7f9a81e8]" name="beforeMethod" is-config="true" duration-ms="0" started-at="2016-10-08T15:37:16Z" finished-at="2016-10-08T15:37:16Z">
          <reporter-output>
          </reporter-output>
        </test-method> <!-- beforeMethod -->
        <test-method status="PASS" signature="beforeMethod()[pri:0, instance:es.upo.cal.Tester_ListImplementation@7f9a81e8]" name="beforeMethod" is-config="true" duration-ms="0" started-at="2016-10-08T15:37:16Z" finished-at="2016-10-08T15:37:16Z">
          <reporter-output>
          </reporter-output>
        </test-method> <!-- beforeMethod -->
        <test-method status="PASS" signature="remove()[pri:0, instance:es.upo.cal.Tester_ListImplementation@7f9a81e8]" name="remove" duration-ms="2" started-at="2016-10-08T15:37:16Z" finished-at="2016-10-08T15:37:16Z">
          <reporter-output>
          </reporter-output>
        </test-method> <!-- remove -->
        <test-method status="PASS" signature="beforeMethod()[pri:0, instance:es.upo.cal.Tester_ListImplementation@7f9a81e8]" name="beforeMethod" is-config="true" duration-ms="1" started-at="2016-10-08T15:37:16Z" finished-at="2016-10-08T15:37:16Z">
          <reporter-output>
          </reporter-output>
        </test-method> <!-- beforeMethod -->
        <test-method status="FAIL" signature="remove2()[pri:0, instance:es.upo.cal.Tester_ListImplementation@7f9a81e8]" name="remove2" duration-ms="1" started-at="2016-10-08T15:37:16Z" finished-at="2016-10-08T15:37:16Z">
          <exception class="java.lang.AssertionError">
            <full-stacktrace>
              <![CDATA[java.lang.AssertionError: 
	at org.testng.AssertJUnit.fail(AssertJUnit.java:59)
	at org.testng.AssertJUnit.assertTrue(AssertJUnit.java:24)
	at org.testng.AssertJUnit.assertTrue(AssertJUnit.java:33)
	at es.upo.cal.Tester_ListImplementation.remove2(Tester_ListImplementation.java:200)
	at sun.reflect.NativeMethodAccessorImpl.invoke0(Native Method)
	at sun.reflect.NativeMethodAccessorImpl.invoke(NativeMethodAccessorImpl.java:62)
	at sun.reflect.DelegatingMethodAccessorImpl.invoke(DelegatingMethodAccessorImpl.java:43)
	at java.lang.reflect.Method.invoke(Method.java:498)
	at org.testng.internal.MethodInvocationHelper.invokeMethod(MethodInvocationHelper.java:100)
	at org.testng.internal.Invoker.invokeMethod(Invoker.java:646)
	at org.testng.internal.Invoker.invokeTestMethod(Invoker.java:811)
	at org.testng.internal.Invoker.invokeTestMethods(Invoker.java:1137)
	at org.testng.internal.TestMethodWorker.invokeTestMethods(TestMethodWorker.java:129)
	at org.testng.internal.TestMethodWorker.run(TestMethodWorker.java:112)
	at org.testng.TestRunner.privateRun(TestRunner.java:753)
	at org.testng.TestRunner.run(TestRunner.java:607)
	at org.testng.SuiteRunner.runTest(SuiteRunner.java:368)
	at org.testng.SuiteRunner.runSequentially(SuiteRunner.java:363)
	at org.testng.SuiteRunner.privateRun(SuiteRunner.java:321)
	at org.testng.SuiteRunner.run(SuiteRunner.java:270)
	at org.testng.SuiteRunnerWorker.runSuite(SuiteRunnerWorker.java:52)
	at org.testng.SuiteRunnerWorker.run(SuiteRunnerWorker.java:86)
	at org.testng.TestNG.runSuitesSequentially(TestNG.java:1284)
	at org.testng.TestNG.runSuitesLocally(TestNG.java:1209)
	at org.testng.TestNG.runSuites(TestNG.java:1124)
	at org.testng.TestNG.run(TestNG.java:1096)
	at org.testng.remote.AbstractRemoteTestNG.run(AbstractRemoteTestNG.java:132)
	at org.testng.remote.RemoteTestNG.initAndRun(RemoteTestNG.java:236)
	at org.testng.remote.RemoteTestNG.main(RemoteTestNG.java:81)
]]>
            </full-stacktrace>
          </exception> <!-- java.lang.AssertionError -->
          <reporter-output>
          </reporter-output>
        </test-method> <!-- remove2 -->
        <test-method status="PASS" signature="beforeMethod()[pri:0, instance:es.upo.cal.Tester_ListImplementation@7f9a81e8]" name="beforeMethod" is-config="true" duration-ms="0" started-at="2016-10-08T15:37:16Z" finished-at="2016-10-08T15:37:16Z">
          <reporter-output>
          </reporter-output>
        </test-method> <!-- beforeMethod -->
        <test-method status="PASS" signature="removeAll()[pri:0, instance:es.upo.cal.Tester_ListImplementation@7f9a81e8]" name="removeAll" duration-ms="1" started-at="2016-10-08T15:37:16Z" finished-at="2016-10-08T15:37:16Z">
          <reporter-output>
          </reporter-output>
        </test-method> <!-- removeAll -->
        <test-method status="PASS" signature="retainAll()[pri:0, instance:es.upo.cal.Tester_ListImplementation@7f9a81e8]" name="retainAll" duration-ms="1" started-at="2016-10-08T15:37:16Z" finished-at="2016-10-08T15:37:16Z">
          <reporter-output>
          </reporter-output>
        </test-method> <!-- retainAll -->
        <test-method status="PASS" signature="beforeMethod()[pri:0, instance:es.upo.cal.Tester_ListImplementation@7f9a81e8]" name="beforeMethod" is-config="true" duration-ms="0" started-at="2016-10-08T15:37:16Z" finished-at="2016-10-08T15:37:16Z">
          <reporter-output>
          </reporter-output>
        </test-method> <!-- beforeMethod -->
        <test-method status="PASS" signature="set()[pri:0, instance:es.upo.cal.Tester_ListImplementation@7f9a81e8]" name="set" duration-ms="1" started-at="2016-10-08T15:37:16Z" finished-at="2016-10-08T15:37:16Z">
          <reporter-output>
          </reporter-output>
        </test-method> <!-- set -->
        <test-method status="PASS" signature="beforeMethod()[pri:0, instance:es.upo.cal.Tester_ListImplementation@7f9a81e8]" name="beforeMethod" is-config="true" duration-ms="0" started-at="2016-10-08T15:37:16Z" finished-at="2016-10-08T15:37:16Z">
          <reporter-output>
          </reporter-output>
        </test-method> <!-- beforeMethod -->
        <test-method status="PASS" signature="beforeMethod()[pri:0, instance:es.upo.cal.Tester_ListImplementation@7f9a81e8]" name="beforeMethod" is-config="true" duration-ms="0" started-at="2016-10-08T15:37:16Z" finished-at="2016-10-08T15:37:16Z">
          <reporter-output>
          </reporter-output>
        </test-method> <!-- beforeMethod -->
        <test-method status="PASS" signature="subList()[pri:0, instance:es.upo.cal.Tester_ListImplementation@7f9a81e8]" name="subList" duration-ms="1" started-at="2016-10-08T15:37:16Z" finished-at="2016-10-08T15:37:16Z">
          <reporter-output>
          </reporter-output>
        </test-method> <!-- subList -->
        <test-method status="PASS" signature="beforeMethod()[pri:0, instance:es.upo.cal.Tester_ListImplementation@7f9a81e8]" name="beforeMethod" is-config="true" duration-ms="0" started-at="2016-10-08T15:37:16Z" finished-at="2016-10-08T15:37:16Z">
          <reporter-output>
          </reporter-output>
        </test-method> <!-- beforeMethod -->
        <test-method status="FAIL" signature="toArray()[pri:0, instance:es.upo.cal.Tester_ListImplementation@7f9a81e8]" name="toArray" duration-ms="1" started-at="2016-10-08T15:37:16Z" finished-at="2016-10-08T15:37:16Z">
          <exception class="java.lang.AssertionError">
            <full-stacktrace>
              <![CDATA[java.lang.AssertionError: 
	at org.testng.AssertJUnit.fail(AssertJUnit.java:59)
	at org.testng.AssertJUnit.assertTrue(AssertJUnit.java:24)
	at org.testng.AssertJUnit.assertTrue(AssertJUnit.java:33)
	at es.upo.cal.Tester_ListImplementation.toArray(Tester_ListImplementation.java:249)
	at sun.reflect.NativeMethodAccessorImpl.invoke0(Native Method)
	at sun.reflect.NativeMethodAccessorImpl.invoke(NativeMethodAccessorImpl.java:62)
	at sun.reflect.DelegatingMethodAccessorImpl.invoke(DelegatingMethodAccessorImpl.java:43)
	at java.lang.reflect.Method.invoke(Method.java:498)
	at org.testng.internal.MethodInvocationHelper.invokeMethod(MethodInvocationHelper.java:100)
	at org.testng.internal.Invoker.invokeMethod(Invoker.java:646)
	at org.testng.internal.Invoker.invokeTestMethod(Invoker.java:811)
	at org.testng.internal.Invoker.invokeTestMethods(Invoker.java:1137)
	at org.testng.internal.TestMethodWorker.invokeTestMethods(TestMethodWorker.java:129)
	at org.testng.internal.TestMethodWorker.run(TestMethodWorker.java:112)
	at org.testng.TestRunner.privateRun(TestRunner.java:753)
	at org.testng.TestRunner.run(TestRunner.java:607)
	at org.testng.SuiteRunner.runTest(SuiteRunner.java:368)
	at org.testng.SuiteRunner.runSequentially(SuiteRunner.java:363)
	at org.testng.SuiteRunner.privateRun(SuiteRunner.java:321)
	at org.testng.SuiteRunner.run(SuiteRunner.java:270)
	at org.testng.SuiteRunnerWorker.runSuite(SuiteRunnerWorker.java:52)
	at org.testng.SuiteRunnerWorker.run(SuiteRunnerWorker.java:86)
	at org.testng.TestNG.runSuitesSequentially(TestNG.java:1284)
	at org.testng.TestNG.runSuitesLocally(TestNG.java:1209)
	at org.testng.TestNG.runSuites(TestNG.java:1124)
	at org.testng.TestNG.run(TestNG.java:1096)
	at org.testng.remote.AbstractRemoteTestNG.run(AbstractRemoteTestNG.java:132)
	at org.testng.remote.RemoteTestNG.initAndRun(RemoteTestNG.java:236)
	at org.testng.remote.RemoteTestNG.main(RemoteTestNG.java:81)
]]>
            </full-stacktrace>
          </exception> <!-- java.lang.AssertionError -->
          <reporter-output>
          </reporter-output>
        </test-method> <!-- toArray -->
        <test-method status="PASS" signature="toArray2()[pri:0, instance:es.upo.cal.Tester_ListImplementation@7f9a81e8]" name="toArray2" duration-ms="3" started-at="2016-10-08T15:37:16Z" finished-at="2016-10-08T15:37:16Z">
          <reporter-output>
          </reporter-output>
        </test-method> <!-- toArray2 -->
        <test-method status="PASS" signature="beforeMethod()[pri:0, instance:es.upo.cal.Tester_ListImplementation@7f9a81e8]" name="beforeMethod" is-config="true" duration-ms="0" started-at="2016-10-08T15:37:16Z" finished-at="2016-10-08T15:37:16Z">
          <reporter-output>
          </reporter-output>
        </test-method> <!-- beforeMethod -->
      </class> <!-- es.upo.cal.Tester_ListImplementation -->
    </test> <!-- Default test -->
  </suite> <!-- Default suite -->
</testng-results>
